\BOOKMARK [0][-]{chapter*.1}{\376\377\000P\000r\000e\000f\000a\000c\000e}{}% 1
\BOOKMARK [0][-]{chapter*.2}{\376\377\000S\000u\000m\000m\000a\000r\000y}{}% 2
\BOOKMARK [0][-]{chapter*.3}{\376\377\000N\000o\000m\000e\000n\000c\000l\000a\000t\000u\000r\000e}{}% 3
\BOOKMARK [0][-]{chapter.1}{\376\377\200\314\146\157}{}% 4
\BOOKMARK [1][-]{section.1.1}{\376\377\151\202\217\360}{chapter.1}% 5
\BOOKMARK [1][-]{section.1.2}{\376\377\147\201\131\047\117\074\161\066\117\060\213\241\000\050\000m\000a\000x\000i\000m\000u\000m\000\040\000l\000i\000k\000e\000l\000i\000h\000o\000o\000d\000\040\000e\000s\000t\000i\000m\000a\000t\000i\000o\000n\000\051}{chapter.1}% 6
\BOOKMARK [1][-]{section.1.3}{\376\377\230\221\163\207\155\076\000\040\000v\000s\000.\000\040\215\035\123\366\145\257\155\076}{chapter.1}% 7
\BOOKMARK [0][-]{chapter.2}{\376\377\215\035\123\366\145\257\177\121\176\334}{}% 8
\BOOKMARK [1][-]{section.2.1}{\376\377\215\035\123\366\145\257\121\154\137\017\116\016\116\130\154\325\133\232\164\006}{chapter.2}% 9
\BOOKMARK [1][-]{section.2.2}{\376\377\215\035\123\366\145\257\177\121\176\334}{chapter.2}% 10
\BOOKMARK [1][-]{section.2.3}{\376\377\147\141\116\366\162\354\172\313\140\047}{chapter.2}% 11
\BOOKMARK [1][-]{section.2.4}{\376\377\000D\000-\000S\000e\000p\000a\000r\000a\000t\000i\000o\000n\173\227\154\325}{chapter.2}% 12
\BOOKMARK [1][-]{section.2.5}{\376\377\215\035\123\366\145\257\177\121\176\334\127\050\147\072\126\150\133\146\116\140\116\055\166\204\136\224\165\050}{chapter.2}% 13
\BOOKMARK [1][-]{section.2.6}{\376\377\215\035\123\366\145\257\177\121\176\334\152\041\127\213}{chapter.2}% 14
\BOOKMARK [0][-]{chapter.3}{\376\377\232\154\134\024\123\357\131\053\226\217\147\072\127\072}{}% 15
\BOOKMARK [1][-]{section.3.1}{\376\377\147\201\131\047\126\342}{chapter.3}% 16
\BOOKMARK [1][-]{section.3.2}{\376\377\200\124\124\010\151\202\163\207}{chapter.3}% 17
\BOOKMARK [1][-]{section.3.3}{\376\377\147\141\116\366\162\354\172\313\140\047}{chapter.3}% 18
\BOOKMARK [1][-]{section.3.4}{\376\377\126\340\137\017\122\006\211\343\116\016\000H\000a\000m\000m\000e\000s\000l\000e\000y\000-\000C\000l\000i\000f\000f\000o\000r\000d\000\040\133\232\164\006}{chapter.3}% 19
\BOOKMARK [1][-]{section.3.5}{\376\377\232\154\134\024\123\357\131\053\226\217\147\072\127\072\116\055\166\204\122\277\121\375\145\160}{chapter.3}% 20
\BOOKMARK [0][-]{chapter.4}{\376\377\143\250\145\255\000\040\000I\000n\000f\000e\000r\000e\000n\000c\000e}{}% 21
\BOOKMARK [1][-]{section.4.1}{\376\377\000H\000M\000M}{chapter.4}% 22
\BOOKMARK [1][-]{section.4.2}{\376\377\123\330\221\317\155\210\226\144\154\325}{chapter.4}% 23
\BOOKMARK [1][-]{section.4.3}{\376\377\117\341\137\365\117\040\144\255}{chapter.4}% 24
\BOOKMARK [1][-]{section.4.4}{\376\377\217\321\117\074\143\250\145\255}{chapter.4}% 25
\BOOKMARK [1][-]{section.4.5}{\376\377\000B\000P\173\227\154\325}{chapter.4}% 26
\BOOKMARK [1][-]{section.4.6}{\376\377\000M\000a\000x\000\040\000P\000r\000o\000d\000u\000c\000t\000\040\000A\000l\000g\000o\000r\000i\000t\000h\000m}{chapter.4}% 27
\BOOKMARK [0][-]{chapter.5}{\376\377\151\202\137\365\210\145\121\105}{}% 28
\BOOKMARK [1][-]{section.5.1}{\376\377\126\340\133\120\126\376}{chapter.5}% 29
\BOOKMARK [1][-]{section.5.2}{\376\377\220\123\137\267\126\376}{chapter.5}% 30
\BOOKMARK [0][-]{chapter*.21}{\376\377\000R\000e\000f\000e\000r\000e\000n\000c\000e\000s}{}% 31
\BOOKMARK [0][-]{appendix.A}{\376\377\000S\000o\000u\000r\000c\000e\000\040\000C\000o\000d\000e\000\040\000E\000x\000a\000m\000p\000l\000e}{}% 32
\BOOKMARK [0][-]{appendix.B}{\376\377\000T\000a\000s\000k\000\040\000D\000i\000v\000i\000s\000i\000o\000n\000\040\000E\000x\000a\000m\000p\000l\000e}{}% 33
