\BOOKMARK [0][-]{chapter*.1}{\376\377\000P\000r\000e\000f\000a\000c\000e}{}% 1
\BOOKMARK [0][-]{chapter*.2}{\376\377\000S\000u\000m\000m\000a\000r\000y}{}% 2
\BOOKMARK [0][-]{chapter*.4}{\376\377\000N\000o\000m\000e\000n\000c\000l\000a\000t\000u\000r\000e}{}% 3
\BOOKMARK [0][-]{chapter.1}{\376\377\121\111\150\005\123\026}{}% 4
\BOOKMARK [1][-]{section.1.1}{\376\377\176\277\140\047\143\322\120\074}{chapter.1}% 5
\BOOKMARK [1][-]{section.1.2}{\376\377\221\315\137\303\127\120\150\007}{chapter.1}% 6
\BOOKMARK [1][-]{section.1.3}{\376\377\166\364\176\277\166\204\121\111\150\005\123\026}{chapter.1}% 7
\BOOKMARK [1][-]{section.1.4}{\376\377\116\011\211\322\137\142\121\111\150\005\123\026}{chapter.1}% 8
\BOOKMARK [1][-]{section.1.5}{\376\377\123\315\215\160\150\067}{chapter.1}% 9
\BOOKMARK [1][-]{section.1.6}{\376\377\133\371\126\376\137\142\155\361\136\246\166\204\131\004\164\006}{chapter.1}% 10
\BOOKMARK [0][-]{chapter.2}{\376\377\167\100\202\162}{}% 11
\BOOKMARK [1][-]{section.2.1}{\376\377\136\163\145\271\123\315\153\324\133\232\137\213}{chapter.2}% 12
\BOOKMARK [1][-]{section.2.2}{\376\377\000B\000l\000i\000n\000-\000P\000h\000o\000n\000g\000\040\123\315\134\004\152\041\127\213}{chapter.2}% 13
\BOOKMARK [1][-]{section.2.3}{\376\377\167\100\202\162\230\221\163\207}{chapter.2}% 14
\BOOKMARK [0][-]{chapter.3}{\376\377\126\376\137\142\156\062\147\323\173\241\176\277}{}% 15
\BOOKMARK [0][-]{chapter.4}{\376\377\176\271\164\006\146\040\134\004}{}% 16
\BOOKMARK [1][-]{section.4.1}{\376\377\142\225\137\161\146\040\134\004}{chapter.4}% 17
\BOOKMARK [1][-]{section.4.2}{\376\377\123\330\143\142\121\375\145\160}{chapter.4}% 18
\BOOKMARK [1][-]{section.4.3}{\376\377\165\050\221\315\137\303\127\120\150\007\120\132\143\322\120\074}{chapter.4}% 19
\BOOKMARK [1][-]{section.4.4}{\376\377\176\271\164\006\145\076\131\047}{chapter.4}% 20
\BOOKMARK [1][-]{section.4.5}{\376\377\136\047\143\322\120\074\142\200\147\057}{chapter.4}% 21
\BOOKMARK [1][-]{section.4.6}{\376\377\163\257\130\203\121\111\146\040\134\004}{chapter.4}% 22
\BOOKMARK [1][-]{section.4.7}{\376\377\176\271\164\006\166\204\121\166\116\326\136\224\165\050}{chapter.4}% 23
\BOOKMARK [0][-]{chapter.5}{\376\377\121\340\117\125}{}% 24
\BOOKMARK [1][-]{section.5.1}{\376\377\121\340\117\125\166\204\210\150\171\072}{chapter.5}% 25
\BOOKMARK [1][-]{section.5.2}{\376\377\116\015\124\014\210\150\171\072\145\271\154\325\166\204\141\017\116\111}{chapter.5}% 26
\BOOKMARK [1][-]{section.5.3}{\376\377\146\362\176\277}{chapter.5}% 27
\BOOKMARK [1][-]{section.5.4}{\376\377\146\362\227\142}{chapter.5}% 28
\BOOKMARK [1][-]{section.5.5}{\376\377\000M\000e\000s\000h\000\040\000O\000p\000e\000r\000a\000t\000i\000o\000n\000s}{chapter.5}% 29
\BOOKMARK [0][-]{chapter.6}{\376\377\121\111\176\277\217\375\216\052}{}% 30
\BOOKMARK [1][-]{section.6.1}{\376\377\000S\000h\000a\000d\000o\000w\000\040\000M\000a\000p\000p\000i\000n\000g}{chapter.6}% 31
\BOOKMARK [1][-]{section.6.2}{\376\377\116\072\116\300\116\110\227\000\211\201\121\111\176\277\217\375\216\052}{chapter.6}% 32
\BOOKMARK [1][-]{section.6.3}{\376\377\121\111\176\277}{chapter.6}% 33
\BOOKMARK [1][-]{section.6.4}{\376\377\000R\000a\000y\000\040\000C\000a\000s\000t\000i\000n\000g}{chapter.6}% 34
\BOOKMARK [1][-]{section.6.5}{\376\377\000R\000e\000c\000u\000r\000s\000i\000v\000e\000\050\000W\000h\000i\000t\000t\000e\000d\000-\000S\000t\000y\000l\000e\000\051\000\040\000R\000a\000y\000\040\000T\000r\000a\000c\000i\000n\000g}{chapter.6}% 35
\BOOKMARK [1][-]{section.6.6}{\376\377\121\111\176\277\116\016\162\151\117\123\210\150\227\142\116\244\160\271\140\016\116\110\154\102\377\037}{chapter.6}% 36
\BOOKMARK [1][-]{section.6.7}{\376\377\000A\000c\000c\000e\000l\000e\000r\000a\000t\000i\000n\000g\000\040\000R\000a\000y\000-\000S\000u\000f\000a\000c\000e\000s\000\040\000I\000n\000t\000e\000r\000s\000e\000c\000t\000i\000o\000n}{chapter.6}% 37
\BOOKMARK [1][-]{section.6.8}{\376\377\000U\000n\000i\000f\000o\000r\000m\000\040\000S\000p\000a\000t\000i\000a\000l\000\040\000P\000a\000r\000t\000i\000t\000i\000o\000n\000s\000\050\000G\000r\000i\000d\000s\000\051}{chapter.6}% 38
\BOOKMARK [1][-]{section.6.9}{\376\377\000S\000p\000a\000t\000i\000a\000l\000\040\000P\000a\000r\000t\000i\000t\000i\000o\000n\000s}{chapter.6}% 39
\BOOKMARK [1][-]{section.6.10}{\376\377\000O\000b\000j\000e\000c\000t\000\040\000P\000a\000r\000t\000i\000t\000i\000o\000n\000\040\000a\000n\000d\000\040\000B\000o\000u\000n\000d\000i\000n\000g\000\040\000V\000o\000l\000u\000m\000e\000\040\000H\000i\000e\000r\000a\000r\000c\000h\000y}{chapter.6}% 40
\BOOKMARK [0][-]{chapter.7}{\376\377\127\372\116\216\217\220\134\004\136\246\221\317\133\146\166\204\121\111\176\277\217\375\216\052}{}% 41
\BOOKMARK [1][-]{section.7.1}{\376\377\000R\000a\000d\000i\000a\000n\000t\000\040\000E\000n\000e\000r\000g\000y\000\040\000a\000n\000d\000\040\000F\000l\000u\000x\000\050\000P\000o\000w\000e\000r\000\051}{chapter.7}% 42
\BOOKMARK [1][-]{section.7.2}{\376\377\172\313\117\123\211\322\000\050\000s\000o\000i\000l\000d\000\040\000a\000n\000g\000l\000e\000\051}{chapter.7}% 43
\BOOKMARK [1][-]{section.7.3}{\376\377\217\220\161\147\137\072\136\246\060\001\217\220\134\004\161\147\136\246\124\214\217\220\134\004\116\256\136\246}{chapter.7}% 44
\BOOKMARK [1][-]{section.7.4}{\376\377\000B\000i\000d\000r\000e\000c\000t\000i\000o\000n\000a\000l\000\040\000R\000e\000f\000l\000e\000c\000t\000a\000n\000c\000e\000\040\000D\000i\000s\000t\000r\000i\000b\000u\000t\000i\000o\000n\000\040\000F\000u\000n\000c\000t\000i\000o\000n\000\050\000B\000R\000D\000F\000\051}{chapter.7}% 45
\BOOKMARK [1][-]{section.7.5}{\376\377\000M\000o\000n\000t\000e\000\040\000C\000a\000r\000l\000o\000\040\000I\000n\000t\000e\000g\000e\000r\000a\000t\000i\000o\000n}{chapter.7}% 46
\BOOKMARK [1][-]{section.7.6}{\376\377\000P\000a\000t\000h\000\040\000T\000r\000a\000c\000i\000n\000g}{chapter.7}% 47
\BOOKMARK [1][-]{section.7.7}{\376\377\000S\000a\000m\000p\000l\000i\000n\000g\000\040\000t\000h\000e\000\040\000L\000i\000g\000h\000t}{chapter.7}% 48
\BOOKMARK [1][-]{section.7.8}{\376\377\000S\000o\000m\000e\000\040\000S\000i\000d\000e\000\040\000N\000o\000t\000e\000s}{chapter.7}% 49
\BOOKMARK [0][-]{chapter.8}{\376\377\147\120\215\050\124\214\131\026\211\302}{}% 50
\BOOKMARK [1][-]{section.8.1}{\376\377\123\315\134\004\133\232\137\213}{chapter.8}% 51
\BOOKMARK [1][-]{section.8.2}{\376\377\142\230\134\004}{chapter.8}% 52
\BOOKMARK [1][-]{section.8.3}{\376\377\157\053\123\315\134\004}{chapter.8}% 53
\BOOKMARK [1][-]{section.8.4}{\376\377\000B\000S\000D\000F}{chapter.8}% 54
\BOOKMARK [1][-]{section.8.5}{\376\377\137\256\210\150\227\142\152\041\127\213}{chapter.8}% 55
\BOOKMARK [1][-]{section.8.6}{\376\377\000I\000s\000o\000t\000r\000o\000p\000i\000c\000/\000A\000n\000i\000s\000o\000t\000r\000o\000p\000i\000c\000\040\000M\000a\000t\000e\000r\000i\000a\000l\000s\000\050\000B\000R\000D\000F\000\051}{chapter.8}% 56
\BOOKMARK [1][-]{section.8.7}{\376\377\000B\000R\000D\000F\166\204\140\047\215\050}{chapter.8}% 57
\BOOKMARK [1][-]{section.8.8}{\376\377\155\113\221\317\000B\000R\000D\000F}{chapter.8}% 58
\BOOKMARK [1][-]{section.8.9}{\376\377\153\041\210\150\227\142\145\143\134\004}{chapter.8}% 59
\BOOKMARK [0][-]{chapter.9}{\376\377\122\115\154\277\225\356\230\230}{}% 60
\BOOKMARK [1][-]{section.9.1}{\376\377\000A\000d\000v\000a\000n\000c\000e\000d\000\040\000T\000o\000p\000i\000c\000\040\000i\000n\000\040\000R\000e\000n\000d\000e\000r\000i\000n\000g}{chapter.9}% 61
\BOOKMARK [1][-]{section.9.2}{\376\377\000A\000d\000v\000a\000n\000c\000e\000d\000\040\000A\000p\000p\000e\000a\000r\000a\000n\000c\000e\000\040\000M\000o\000d\000e\000l\000i\000n\000g}{chapter.9}% 62
\BOOKMARK [1][-]{section.9.3}{\376\377\210\150\227\142\152\041\127\213\116\016\227\136\210\150\227\142\152\041\127\213}{chapter.9}% 63
\BOOKMARK [1][-]{section.9.4}{\376\377\137\256\210\150\227\142\152\041\127\213}{chapter.9}% 64
\BOOKMARK [0][-]{chapter*.57}{\376\377\000R\000e\000f\000e\000r\000e\000n\000c\000e\000s}{}% 65
\BOOKMARK [0][-]{appendix.A}{\376\377\000S\000o\000u\000r\000c\000e\000\040\000C\000o\000d\000e\000\040\000E\000x\000a\000m\000p\000l\000e}{}% 66
\BOOKMARK [0][-]{appendix.B}{\376\377\000T\000a\000s\000k\000\040\000D\000i\000v\000i\000s\000i\000o\000n\000\040\000E\000x\000a\000m\000p\000l\000e}{}% 67
