\BOOKMARK [0][-]{chapter*.1}{\376\377\000P\000r\000e\000f\000a\000c\000e}{}% 1
\BOOKMARK [0][-]{chapter*.2}{\376\377\000S\000u\000m\000m\000a\000r\000y}{}% 2
\BOOKMARK [0][-]{chapter*.4}{\376\377\000N\000o\000m\000e\000n\000c\000l\000a\000t\000u\000r\000e}{}% 3
\BOOKMARK [0][-]{chapter.1}{\376\377\165\065\133\120\201\352\145\313\166\204\147\145\156\220}{}% 4
\BOOKMARK [1][-]{section.1.1}{\376\377\165\065\133\120\201\352\145\313}{chapter.1}% 5
\BOOKMARK [1][-]{section.1.2}{\376\377\205\233\133\232\214\024\145\271\172\013\166\204\177\072\226\167}{chapter.1}% 6
\BOOKMARK [1][-]{section.1.3}{\376\377\162\304\142\311\121\113\145\271\172\013\166\204\136\372\172\313}{chapter.1}% 7
\BOOKMARK [1][-]{section.1.4}{\376\377\201\352\145\313\201\352\165\061\136\246}{chapter.1}% 8
\BOOKMARK [0][-]{chapter.2}{\376\377\123\330\122\006\154\325\124\214\000E\000u\000l\000e\000r\000-\000L\000a\000g\000r\000a\000n\000g\000e\000\040\145\271\172\013}{}% 9
\BOOKMARK [1][-]{section.2.1}{\376\377\176\277\140\047\154\333\121\375}{chapter.2}% 10
\BOOKMARK [1][-]{section.2.2}{\376\377\147\000\220\037\116\013\226\115\176\277}{chapter.2}% 11
\BOOKMARK [1][-]{section.2.3}{\376\377\154\333\121\375\147\201\120\074\225\356\230\230}{chapter.2}% 12
\BOOKMARK [1][-]{section.2.4}{\376\377\116\000\226\066\123\330\122\006}{chapter.2}% 13
\BOOKMARK [1][-]{section.2.5}{\376\377\154\333\121\375\147\201\120\074\166\204\137\305\211\201\147\141\116\366}{chapter.2}% 14
\BOOKMARK [1][-]{section.2.6}{\376\377\000E\000u\000l\000e\000r\000-\000L\000a\000g\000r\000a\000n\000g\000e\145\271\172\013}{chapter.2}% 15
\BOOKMARK [0][-]{chapter.3}{\376\377\000L\000a\000g\000r\000a\000n\000g\000e\122\233\133\146}{}% 16
\BOOKMARK [1][-]{section.3.1}{\376\377\136\177\116\111\127\120\150\007}{chapter.3}% 17
\BOOKMARK [1][-]{section.3.2}{\376\377\147\000\134\017\117\134\165\050\221\317\123\237\164\006}{chapter.3}% 18
\BOOKMARK [1][-]{section.3.3}{\376\377\000L\000a\000g\000r\000a\000n\000g\000e\145\271\172\013}{chapter.3}% 19
\BOOKMARK [1][-]{section.3.4}{\376\377\133\371\171\360\221\317\116\016\133\210\140\122\221\317}{chapter.3}% 20
\BOOKMARK [1][-]{section.3.5}{\376\377\147\141\116\366\147\201\120\074}{chapter.3}% 21
\BOOKMARK [0][-]{chapter.4}{\376\377\000H\000a\000m\000i\000t\000o\000n\122\233\133\146}{}% 22
\BOOKMARK [0][-]{chapter.5}{\376\377\123\141\213\372\133\232\164\006}{}% 23
\BOOKMARK [1][-]{section.5.1}{\376\377\164\006\140\363\154\024\117\123\166\204\162\151\140\001\145\271\172\013}{chapter.5}% 24
\BOOKMARK [1][-]{section.5.2}{\376\377\163\273\141\017\200\063\133\232\137\213}{chapter.5}% 25
\BOOKMARK [1][-]{section.5.3}{\376\377\164\006\140\363\154\024\117\123\166\204\173\111\156\051\217\307\172\013}{chapter.5}% 26
\BOOKMARK [1][-]{section.5.4}{\376\377\164\006\140\363\154\024\117\123\166\204\176\335\160\355\217\307\172\013}{chapter.5}% 27
\BOOKMARK [1][-]{section.5.5}{\376\377\123\141\213\372\137\252\163\257}{chapter.5}% 28
\BOOKMARK [1][-]{section.5.6}{\376\377\123\141\213\372\133\232\164\006}{chapter.5}% 29
\BOOKMARK [0][-]{chapter*.6}{\376\377\000R\000e\000f\000e\000r\000e\000n\000c\000e\000s}{}% 30
\BOOKMARK [0][-]{appendix.A}{\376\377\000S\000o\000u\000r\000c\000e\000\040\000C\000o\000d\000e\000\040\000E\000x\000a\000m\000p\000l\000e}{}% 31
\BOOKMARK [0][-]{appendix.B}{\376\377\000T\000a\000s\000k\000\040\000D\000i\000v\000i\000s\000i\000o\000n\000\040\000E\000x\000a\000m\000p\000l\000e}{}% 32
