\BOOKMARK [0][-]{chapter*.1}{\376\377\000P\000r\000e\000f\000a\000c\000e}{}% 1
\BOOKMARK [0][-]{chapter*.2}{\376\377\000S\000u\000m\000m\000a\000r\000y}{}% 2
\BOOKMARK [0][-]{chapter*.4}{\376\377\000N\000o\000m\000e\000n\000c\000l\000a\000t\000u\000r\000e}{}% 3
\BOOKMARK [0][-]{chapter.1}{\376\377\000L\000e\000b\000e\000s\000g\000u\000e\000\040\000M\000e\000a\000s\000u\000r\000e\000\040\000a\000n\000d\000\040\000L\000p\000\040\000S\000p\000a\000c\000e}{}% 4
\BOOKMARK [1][-]{section.1.1}{\376\377\131\026\155\113\136\246}{chapter.1}% 5
\BOOKMARK [1][-]{section.1.2}{\376\377\131\026\155\113\136\246\116\015\146\057\122\240\140\047\166\204}{chapter.1}% 6
\BOOKMARK [1][-]{section.1.3}{\376\377\000L\000e\000b\000e\000s\000g\000u\000e\155\113\136\246}{chapter.1}% 7
\BOOKMARK [1][-]{section.1.4}{\376\377\123\357\155\113\226\306}{chapter.1}% 8
\BOOKMARK [1][-]{section.1.5}{\376\377\123\357\155\113\121\375\145\160}{chapter.1}% 9
\BOOKMARK [0][-]{chapter.2}{\376\377\000D\000i\000s\000t\000a\000n\000c\000e\000\040\000S\000p\000a\000c\000e}{}% 10
\BOOKMARK [1][-]{section.2.1}{\376\377\215\335\171\273\172\172\225\364}{chapter.2}% 11
\BOOKMARK [1][-]{section.2.2}{\376\377\137\000\226\306\116\016\217\336\176\355\146\040\134\004}{chapter.2}% 12
\BOOKMARK [1][-]{section.2.3}{\376\377\215\335\171\273\172\172\225\364\166\204\123\357\122\006\140\047\124\214\122\027\175\047\140\047}{chapter.2}% 13
\BOOKMARK [1][-]{section.2.4}{\376\377\215\335\171\273\172\172\225\364\133\214\131\007\123\026}{chapter.2}% 14
\BOOKMARK [1][-]{section.2.5}{\376\377\133\214\131\007\215\335\171\273\172\172\225\364\166\204\136\224\165\050}{chapter.2}% 15
\BOOKMARK [0][-]{chapter.3}{\376\377\000D\000i\000s\000t\000a\000n\000c\000e\000\040\000S\000p\000a\000c\000e\000\040\000E\000e\000x\000s\000c\000r\000i\000s\000e}{}% 16
\BOOKMARK [1][-]{section.3.1}{\376\377\136\246\221\317}{chapter.3}% 17
\BOOKMARK [1][-]{section.3.2}{\376\377\215\335\171\273\172\172\225\364\123\357\122\006\140\047}{chapter.3}% 18
\BOOKMARK [1][-]{section.3.3}{\376\377\122\027\175\047}{chapter.3}% 19
\BOOKMARK [1][-]{section.3.4}{\376\377\133\214\131\007\215\335\171\273\172\172\225\364}{chapter.3}% 20
\BOOKMARK [1][-]{section.3.5}{\376\377\116\015\122\250\160\271}{chapter.3}% 21
\BOOKMARK [0][-]{chapter.4}{\376\377\000N\000o\000r\000m\000e\000d\000\040\000V\000e\000c\000t\000o\000r\000\040\000S\000p\000a\000c\000e}{}% 22
\BOOKMARK [1][-]{section.4.1}{\376\377\000B\000a\000n\000a\000c\000h\172\172\225\364}{chapter.4}% 23
\BOOKMARK [1][-]{section.4.2}{\376\377\215\113\203\003\172\172\225\364\133\214\131\007\140\047}{chapter.4}% 24
\BOOKMARK [1][-]{section.4.3}{\376\377\221\315\211\201\166\204\215\113\203\003\121\375\145\160\172\172\225\364\377\032\000L\000p}{chapter.4}% 25
\BOOKMARK [1][-]{section.4.4}{\376\377\221\315\211\201\166\204\215\113\203\003\121\375\145\160\172\172\225\364\377\032\000L}{chapter.4}% 26
\BOOKMARK [1][-]{section.4.5}{\376\377\221\315\211\201\166\204\215\113\203\003\121\375\145\160\172\172\225\364\377\032\000l\000p}{chapter.4}% 27
\BOOKMARK [1][-]{section.4.6}{\376\377\215\113\203\003\172\172\225\364\166\204\121\340\117\125\176\323\147\204}{chapter.4}% 28
\BOOKMARK [1][-]{section.4.7}{\376\377\147\011\226\120\176\364}{chapter.4}% 29
\BOOKMARK [0][-]{chapter.5}{\376\377\000N\000o\000r\000m\000e\000d\000\040\000V\000e\000c\000t\000o\000r\000\040\000S\000p\000a\000c\000e\000\040\000E\000x\000e\000s\000c\000r\000i\000s\000e}{}% 30
\BOOKMARK [1][-]{section.5.1}{\376\377\203\003\145\160}{chapter.5}% 31
\BOOKMARK [1][-]{section.5.2}{\376\377\000B\000a\000n\000a\000c\000h\172\172\225\364}{chapter.5}% 32
\BOOKMARK [1][-]{section.5.3}{\376\377\121\370\226\306}{chapter.5}% 33
\BOOKMARK [1][-]{section.5.4}{\376\377\173\111\215\335\124\014\147\204}{chapter.5}% 34
\BOOKMARK [1][-]{section.5.5}{\376\377\215\113\203\003\172\172\225\364\116\012\166\204\217\336\176\355\146\040\134\004}{chapter.5}% 35
\BOOKMARK [1][-]{section.5.6}{\376\377\147\000\117\163\220\074\217\321}{chapter.5}% 36
\BOOKMARK [1][-]{section.5.7}{\376\377\173\111\116\367\203\003\145\160}{chapter.5}% 37
\BOOKMARK [1][-]{section.5.8}{\376\377\215\113\203\003\172\172\225\364\172\040\133\306\116\016\123\357\122\006}{chapter.5}% 38
\BOOKMARK [0][-]{chapter.6}{\376\377\000H\000i\000l\000b\000e\000r\000t\000\040\000S\000p\000a\000c\000e}{}% 39
\BOOKMARK [1][-]{section.6.1}{\376\377\165\061\121\205\171\357\165\037\142\020\203\003\145\160}{chapter.6}% 40
\BOOKMARK [1][-]{section.6.2}{\376\377\121\205\171\357\116\016\203\003\145\160\116\113\225\364\166\204\121\163\174\373}{chapter.6}% 41
\BOOKMARK [1][-]{section.6.3}{\376\377\133\214\131\007\166\204\121\205\171\357\172\172\225\364\040\024\000H\000i\000l\000b\000e\000r\000t\000\040\000S\000p\000a\000c\000e}{chapter.6}% 42
\BOOKMARK [1][-]{section.6.4}{\376\377\153\143\116\244\060\001\153\143\116\244\210\145\116\016\153\143\116\244\122\006\211\343}{chapter.6}% 43
\BOOKMARK [1][-]{section.6.5}{\376\377\147\000\117\163\220\074\217\321}{chapter.6}% 44
\BOOKMARK [1][-]{section.6.6}{\376\377\000H\000i\000l\000b\000e\000r\000t\172\172\225\364\166\204\153\143\116\244\122\006\211\343\133\232\164\006}{chapter.6}% 45
\BOOKMARK [1][-]{section.6.7}{\376\377\153\143\116\244\174\373}{chapter.6}% 46
\BOOKMARK [1][-]{section.6.8}{\376\377\000F\000o\000u\000r\000i\000e\000s\000\040\000S\000e\000r\000i\000e\000s}{chapter.6}% 47
\BOOKMARK [1][-]{section.6.9}{\376\377\153\143\116\244\127\372}{chapter.6}% 48
\BOOKMARK [1][-]{section.6.10}{\376\377\123\357\122\006\166\204\000H\000i\000l\000b\000e\000r\000t\172\172\225\364}{chapter.6}% 49
\BOOKMARK [0][-]{chapter.7}{\376\377\000H\000i\000l\000b\000e\000r\000t\000\040\000S\000p\000a\000c\000e\000\040\000E\000x\000e\000s\000c\000r\000i\000s\000e}{}% 50
\BOOKMARK [1][-]{section.7.1}{\376\377\165\050\121\205\171\357\165\037\142\020\166\204\203\003\145\160}{chapter.7}% 51
\BOOKMARK [1][-]{section.7.2}{\376\377\000H\000i\000l\000b\000e\000r\000t\172\172\225\364\145\066\145\133\140\047}{chapter.7}% 52
\BOOKMARK [1][-]{section.7.3}{\376\377\123\357\122\006\166\204\000H\000i\000l\000b\000e\000r\000t\172\172\225\364}{chapter.7}% 53
\BOOKMARK [1][-]{section.7.4}{\376\377\000H\000i\000l\000b\000e\000r\000t\172\172\225\364\153\143\116\244\174\373\116\016\153\143\116\244\127\372}{chapter.7}% 54
\BOOKMARK [1][-]{section.7.5}{\376\377\153\143\116\244\210\145\172\172\225\364}{chapter.7}% 55
\BOOKMARK [1][-]{section.7.6}{\376\377\000F\000o\000u\000r\000i\000e\000s\176\247\145\160}{chapter.7}% 56
\BOOKMARK [1][-]{section.7.7}{\376\377\121\370\140\047}{chapter.7}% 57
\BOOKMARK [1][-]{section.7.8}{\376\377\153\143\116\244\142\225\137\161\116\016\147\000\117\163\220\074\217\321}{chapter.7}% 58
\BOOKMARK [1][-]{section.7.9}{\376\377\210\145\121\105}{chapter.7}% 59
\BOOKMARK [0][-]{chapter.8}{\376\377\147\011\165\114\176\277\140\047\173\227\133\120}{}% 60
\BOOKMARK [1][-]{section.8.1}{\376\377\147\011\165\114\176\277\140\047\173\227\133\120}{chapter.8}% 61
\BOOKMARK [1][-]{section.8.2}{\376\377\147\011\165\114\176\277\140\047\173\227\133\120\215\113\203\003\172\172\225\364}{chapter.8}% 62
\BOOKMARK [1][-]{section.8.3}{\376\377\147\011\165\114\176\277\140\047\173\227\133\120\215\113\203\003\172\172\225\364\166\204\145\066\145\133\140\047\124\214\133\214\131\007\140\047}{chapter.8}% 63
\BOOKMARK [1][-]{section.8.4}{\376\377\116\000\201\364\147\011\165\114\123\237\164\006}{chapter.8}% 64
\BOOKMARK [1][-]{section.8.5}{\376\377\137\000\146\040\134\004\133\232\164\006\124\214\220\006\173\227\133\120\133\232\164\006}{chapter.8}% 65
\BOOKMARK [1][-]{section.8.6}{\376\377\225\355\173\227\133\120\124\214\225\355\126\376\120\317\133\232\164\006}{chapter.8}% 66
\BOOKMARK [0][-]{chapter.9}{\376\377\000B\000o\000u\000n\000d\000a\000r\000y\000\040\000L\000i\000n\000e\000a\000r\000\040\000O\000p\000e\000r\000a\000t\000o\000r\000\040\000E\000x\000e\000s\000c\000r\000i\000s\000e\000\040}{}% 67
\BOOKMARK [1][-]{section.9.1}{\376\377\147\011\165\114\176\277\140\047\154\333\121\375}{chapter.9}% 68
\BOOKMARK [1][-]{section.9.2}{\376\377\173\227\133\120\145\271\172\013}{chapter.9}% 69
\BOOKMARK [1][-]{section.9.3}{\376\377\147\011\165\114\176\277\140\047\173\227\133\120\166\204\217\336\176\355\140\047}{chapter.9}% 70
\BOOKMARK [1][-]{section.9.4}{\376\377\173\227\133\120\203\003\145\160}{chapter.9}% 71
\BOOKMARK [1][-]{section.9.5}{\376\377\173\227\133\120\166\204\137\072\145\066\145\133\140\047\124\214\133\214\131\007\140\047}{chapter.9}% 72
\BOOKMARK [1][-]{section.9.6}{\376\377\000B\000a\000i\000r\000e\176\262}{chapter.9}% 73
\BOOKMARK [1][-]{section.9.7}{\376\377\116\000\201\364\147\011\165\114\123\237\122\031}{chapter.9}% 74
\BOOKMARK [1][-]{section.9.8}{\376\377\137\000\146\040\134\004\133\232\164\006\124\214\220\006\173\227\133\120\133\232\164\006}{chapter.9}% 75
\BOOKMARK [1][-]{section.9.9}{\376\377\225\355\173\227\133\120\124\214\225\355\126\376\120\317\133\232\164\006}{chapter.9}% 76
\BOOKMARK [0][-]{chapter.10}{\376\377\121\161\217\155\172\172\225\364\124\214\121\161\217\155\173\227\133\120}{}% 77
\BOOKMARK [1][-]{section.10.1}{\376\377\000H\000a\000h\000n\000-\000B\000a\000n\000a\000c\000h\133\232\164\006}{chapter.10}% 78
\BOOKMARK [1][-]{section.10.2}{\376\377\121\161\217\155\172\172\225\364}{chapter.10}% 79
\BOOKMARK [1][-]{section.10.3}{\376\377\000H\000i\000l\000b\000e\000r\000t\172\172\225\364\166\204\121\161\217\155\172\172\225\364}{chapter.10}% 80
\BOOKMARK [1][-]{section.10.4}{\376\377\201\352\121\161\217\155\147\011\165\114\176\277\140\047\173\227\133\120}{chapter.10}% 81
\BOOKMARK [1][-]{section.10.5}{\376\377\000B\000a\000n\000a\000c\000h\172\172\225\364\116\012\166\204\121\161\217\155\173\227\133\120\000\040\137\061\145\066\145\133}{chapter.10}% 82
\BOOKMARK [0][-]{chapter.11}{\376\377\000D\000u\000a\000l\000\040\000S\000p\000a\000c\000e\000\040\000E\000x\000e\000s\000c\000r\000i\000s\000e}{}% 83
\BOOKMARK [1][-]{section.11.1}{\376\377\226\366\172\172\225\364}{chapter.11}% 84
\BOOKMARK [1][-]{section.11.2}{\376\377\121\161\217\155\173\227\133\120}{chapter.11}% 85
\BOOKMARK [1][-]{section.11.3}{\376\377\133\371\120\166\172\172\225\364}{chapter.11}% 86
\BOOKMARK [1][-]{section.11.4}{\376\377\173\111\215\335\124\014\147\204}{chapter.11}% 87
\BOOKMARK [1][-]{section.11.5}{\376\377\201\352\121\161\217\155\173\227\133\120}{chapter.11}% 88
\BOOKMARK [1][-]{section.11.6}{\376\377\201\352\123\315\140\047}{chapter.11}% 89
\BOOKMARK [1][-]{section.11.7}{\376\377\137\061\145\066\145\133}{chapter.11}% 90
\BOOKMARK [0][-]{chapter.12}{\376\377\176\277\140\047\173\227\133\120\166\204\214\061\164\006\213\272}{}% 91
\BOOKMARK [1][-]{section.12.1}{\376\377\214\061\226\306\124\214\153\143\122\031\160\271\226\306}{chapter.12}% 92
\BOOKMARK [1][-]{section.12.2}{\376\377\147\011\165\114\176\277\140\047\173\227\133\120\166\204\214\061\226\306}{chapter.12}% 93
\BOOKMARK [1][-]{section.12.3}{\376\377\147\011\165\114\133\120\121\161\217\155\176\277\140\047\173\227\133\120\166\204\214\061}{chapter.12}% 94
\BOOKMARK [1][-]{section.12.4}{\376\377\175\047\176\277\140\047\173\227\133\120\166\204\214\061}{chapter.12}% 95
\BOOKMARK [0][-]{chapter.13}{\376\377\000E\000x\000e\000s\000c\000r\000i\000s\000e\000\040\0006}{}% 96
\BOOKMARK [0][-]{chapter*.7}{\376\377\000R\000e\000f\000e\000r\000e\000n\000c\000e\000s}{}% 97
\BOOKMARK [0][-]{appendix.A}{\376\377\000S\000o\000u\000r\000c\000e\000\040\000C\000o\000d\000e\000\040\000E\000x\000a\000m\000p\000l\000e}{}% 98
\BOOKMARK [0][-]{appendix.B}{\376\377\000T\000a\000s\000k\000\040\000D\000i\000v\000i\000s\000i\000o\000n\000\040\000E\000x\000a\000m\000p\000l\000e}{}% 99
