\BOOKMARK [0][-]{chapter*.1}{\376\377\000P\000r\000e\000f\000a\000c\000e}{}% 1
\BOOKMARK [0][-]{chapter*.2}{\376\377\000S\000u\000m\000m\000a\000r\000y}{}% 2
\BOOKMARK [0][-]{chapter*.4}{\376\377\000N\000o\000m\000e\000n\000c\000l\000a\000t\000u\000r\000e}{}% 3
\BOOKMARK [0][-]{chapter.1}{\376\377\131\015\147\102\136\246\116\016\154\333\123\026\165\114}{}% 4
\BOOKMARK [1][-]{section.1.1}{\376\377\000V\000C\000-\000D\000i\000m\000e\000n\000s\000i\000o\000n}{chapter.1}% 5
\BOOKMARK [1][-]{section.1.2}{\376\377\000R\000a\000d\000e\000m\000a\000c\000h\000e\000r\131\015\147\102\136\246}{chapter.1}% 6
\BOOKMARK [0][-]{chapter.2}{\376\377\000K\000e\000r\000n\000e\000l\000\040\000M\000e\000t\000h\000o\000d\000s}{}% 7
\BOOKMARK [1][-]{section.2.1}{\376\377\000I\000n\000t\000r\000o\000d\000u\000c\000t\000i\000o\000n}{chapter.2}% 8
\BOOKMARK [1][-]{section.2.2}{\376\377\000P\000o\000s\000i\000t\000i\000v\000e\000\040\000d\000e\000f\000i\000n\000i\000t\000e\000\040\000s\000y\000m\000m\000e\000t\000r\000i\000c\000\040\000k\000e\000r\000n\000e\000l}{chapter.2}% 9
\BOOKMARK [1][-]{section.2.3}{\376\377\000R\000e\000p\000r\000o\000d\000u\000c\000i\000n\000g\000\040\000k\000e\000r\000n\000e\000l\000\040\000H\000i\000l\000b\000e\000r\000t\000\040\000S\000p\000a\000c\000e}{chapter.2}% 10
\BOOKMARK [1][-]{section.2.4}{\376\377\000K\000e\000r\000n\000e\000l\000-\000B\000a\000s\000e\000d\000\040\000A\000l\000g\000o\000r\000i\000t\000h\000m\000s}{chapter.2}% 11
\BOOKMARK [1][-]{section.2.5}{\376\377\000N\000e\000g\000a\000t\000i\000v\000e\000\040\000d\000e\000f\000i\000n\000i\000t\000e\000\040\000s\000y\000m\000m\000e\000t\000r\000i\000c\000\040\000k\000e\000r\000n\000e\000l\000s}{chapter.2}% 12
\BOOKMARK [1][-]{section.2.6}{\376\377\000S\000e\000q\000u\000e\000n\000c\000e\000\040\000K\000e\000r\000n\000e\000l}{chapter.2}% 13
\BOOKMARK [0][-]{chapter.3}{\376\377\127\372\116\216\155\101\137\142\166\204\133\146\116\140}{}% 14
\BOOKMARK [1][-]{section.3.1}{\376\377\000P\000C\000A\124\214\000L\000D\000A}{chapter.3}% 15
\BOOKMARK [1][-]{section.3.2}{\376\377\142\323\142\121\155\101\137\142\166\204\151\202\137\365}{chapter.3}% 16
\BOOKMARK [1][-]{section.3.3}{\376\377\131\032\134\072\136\246\123\330\143\142}{chapter.3}% 17
\BOOKMARK [1][-]{section.3.4}{\376\377\134\100\220\350\176\277\140\047\135\114\121\145}{chapter.3}% 18
\BOOKMARK [1][-]{section.3.5}{\376\377\142\311\146\156\142\311\145\257\162\171\137\201\146\040\134\004}{chapter.3}% 19
\BOOKMARK [1][-]{section.3.6}{\376\377\150\070\121\375\145\160\116\016\136\246\221\317\040\024\040\024\000N\000D\000S\150\070}{chapter.3}% 20
\BOOKMARK [1][-]{section.3.7}{\376\377\164\006\213\272\142\020\147\234}{chapter.3}% 21
\BOOKMARK [0][-]{chapter*.6}{\376\377\000R\000e\000f\000e\000r\000e\000n\000c\000e\000s}{}% 22
\BOOKMARK [0][-]{appendix.A}{\376\377\000S\000o\000u\000r\000c\000e\000\040\000C\000o\000d\000e\000\040\000E\000x\000a\000m\000p\000l\000e}{}% 23
\BOOKMARK [0][-]{appendix.B}{\376\377\000T\000a\000s\000k\000\040\000D\000i\000v\000i\000s\000i\000o\000n\000\040\000E\000x\000a\000m\000p\000l\000e}{}% 24
