\BOOKMARK [0][-]{chapter*.2}{\376\377\000N\000o\000m\000e\000n\000c\000l\000a\000t\000u\000r\000e}{}% 1
\BOOKMARK [0][-]{chapter.1}{\376\377\141\037\167\345\147\072\000\050\000P\000e\000r\000c\000e\000p\000t\000r\000o\000n\000\051}{}% 2
\BOOKMARK [1][-]{section.1.1}{\376\377\215\205\136\163\227\142}{chapter.1}% 3
\BOOKMARK [1][-]{section.1.2}{\376\377\152\041\127\213}{chapter.1}% 4
\BOOKMARK [1][-]{section.1.3}{\376\377\145\160\143\156\226\306\166\204\176\277\140\047\123\357\122\006\140\047}{chapter.1}% 5
\BOOKMARK [1][-]{section.1.4}{\376\377\143\137\131\061\121\375\145\160}{chapter.1}% 6
\BOOKMARK [1][-]{section.1.5}{\376\377\141\037\167\345\147\072\133\146\116\140\173\227\154\325}{chapter.1}% 7
\BOOKMARK [1][-]{section.1.6}{\376\377\141\037\167\345\147\072\145\066\145\133\133\232\164\006}{chapter.1}% 8
\BOOKMARK [0][-]{chapter.2}{\376\377\141\037\167\345\147\072\116\343\170\001\116\377\167\037}{}% 9
\BOOKMARK [1][-]{section.2.1}{\376\377\173\227\154\325\143\317\217\360}{chapter.2}% 10
\BOOKMARK [1][-]{section.2.2}{\376\377\133\236\142\030}{chapter.2}% 11
\BOOKMARK [0][-]{chapter.3}{\376\377\213\255\176\303\141\037\167\345\147\072\133\236\163\260\220\073\217\221\217\320\173\227}{}% 12
\BOOKMARK [1][-]{section.3.1}{\376\377\141\037\167\345\147\072\166\204\220\073\217\221\217\320\173\227}{chapter.3}% 13
\BOOKMARK [1][-]{section.3.2}{\376\377\137\002\142\026\225\356\230\230}{chapter.3}% 14
\BOOKMARK [1][-]{section.3.3}{\376\377\131\032\134\102\141\037\167\345\147\072}{chapter.3}% 15
\BOOKMARK [0][-]{chapter.4}{\376\377\142\151\134\125\226\005\213\373\040\024\040\024\220\032\165\050\217\321\117\074\133\232\164\006}{}% 16
\BOOKMARK [0][-]{chapter.5}{\376\377\123\302\200\003\226\005\213\373}{}% 17
\BOOKMARK [0][-]{appendix.A}{\376\377\000S\000o\000u\000r\000c\000e\000\040\000C\000o\000d\000e\000\040\000E\000x\000a\000m\000p\000l\000e}{}% 18
\BOOKMARK [0][-]{appendix.B}{\376\377\000L\000a\000t\000e\000x\000\040\000T\000i\000k\000z\000\040\000T\000e\000s\000t\000\040\000C\000o\000d\000e}{}% 19
\BOOKMARK [0][-]{appendix.C}{\376\377\000T\000a\000s\000k\000\040\000D\000i\000v\000i\000s\000i\000o\000n\000\040\000E\000x\000a\000m\000p\000l\000e}{}% 20
