\BOOKMARK [0][-]{chapter*.1}{\376\377\000P\000r\000e\000f\000a\000c\000e}{}% 1
\BOOKMARK [0][-]{chapter*.2}{\376\377\000S\000u\000m\000m\000a\000r\000y}{}% 2
\BOOKMARK [0][-]{chapter*.4}{\376\377\000N\000o\000m\000e\000n\000c\000l\000a\000t\000u\000r\000e}{}% 3
\BOOKMARK [0][-]{chapter.1}{\376\377\142\311\150\074\147\027\145\345\133\371\120\166\140\047}{}% 4
\BOOKMARK [1][-]{section.1.1}{\376\377\142\311\150\074\147\027\145\345\116\130\133\120\154\325}{chapter.1}% 5
\BOOKMARK [1][-]{section.1.2}{\376\377\147\201\134\017\147\201\131\047\120\074\225\356\230\230\377\010\123\237\131\313\225\356\230\230\377\011}{chapter.1}% 6
\BOOKMARK [1][-]{section.1.3}{\376\377\147\201\131\047\147\201\134\017\120\074\225\356\230\230\377\010\133\371\120\166\225\356\230\230\377\011}{chapter.1}% 7
\BOOKMARK [1][-]{section.1.4}{\376\377\123\237\131\313\225\356\230\230\124\214\133\371\120\166\225\356\230\230\166\204\121\163\174\373}{chapter.1}% 8
\BOOKMARK [1][-]{section.1.5}{\376\377\000K\000K\000T\147\141\116\366}{chapter.1}% 9
\BOOKMARK [0][-]{chapter.2}{\376\377\170\154\225\364\226\224\147\000\131\047\123\026\116\016\176\277\140\047\123\357\122\006\124\021\221\317\147\072}{}% 10
\BOOKMARK [1][-]{section.2.1}{\376\377\176\277\140\047\123\357\122\006\145\057\143\001\124\021\221\317\147\072}{chapter.2}% 11
\BOOKMARK [1][-]{section.2.2}{\376\377\121\375\145\160\225\364\226\224\124\214\121\340\117\125\225\364\226\224}{chapter.2}% 12
\BOOKMARK [1][-]{section.2.3}{\376\377\147\000\131\047\225\364\226\224\122\006\171\273\215\205\136\163\227\142}{chapter.2}% 13
\BOOKMARK [1][-]{section.2.4}{\376\377\147\000\131\047\225\364\226\224\173\227\154\325}{chapter.2}% 14
\BOOKMARK [1][-]{section.2.5}{\376\377\147\000\131\047\225\364\226\224\215\205\136\163\227\142\166\204\133\130\127\050\140\047\124\214\125\057\116\000\140\047}{chapter.2}% 15
\BOOKMARK [1][-]{section.2.6}{\376\377\145\057\143\001\124\021\221\317\124\214\225\364\226\224\217\271\165\114}{chapter.2}% 16
\BOOKMARK [1][-]{section.2.7}{\376\377\145\057\143\001\124\021\221\317\147\072\166\204\133\371\120\166\173\227\154\325}{chapter.2}% 17
\BOOKMARK [0][-]{chapter.3}{\376\377\217\157\225\364\226\224\147\000\131\047\123\026\124\214\176\277\140\047\145\057\143\001\124\021\221\317\147\072}{}% 18
\BOOKMARK [1][-]{section.3.1}{\376\377\176\277\140\047\145\057\143\001\124\021\221\317\147\072}{chapter.3}% 19
\BOOKMARK [1][-]{section.3.2}{\376\377\133\146\116\140\166\204\133\371\120\166\225\356\230\230}{chapter.3}% 20
\BOOKMARK [1][-]{section.3.3}{\376\377\176\277\140\047\145\057\143\001\124\021\221\317\147\072\133\146\116\140\173\227\154\325}{chapter.3}% 21
\BOOKMARK [1][-]{section.3.4}{\376\377\145\057\143\001\124\021\221\317}{chapter.3}% 22
\BOOKMARK [1][-]{section.3.5}{\376\377\124\010\230\165\143\137\131\061\121\375\145\160}{chapter.3}% 23
\BOOKMARK [0][-]{chapter.4}{\376\377\150\070\121\375\145\160\124\214\227\136\176\277\140\047\145\057\143\001\124\021\221\317\147\072}{}% 24
\BOOKMARK [1][-]{section.4.1}{\376\377\150\070\142\200\135\347}{chapter.4}% 25
\BOOKMARK [1][-]{section.4.2}{\376\377\150\070\121\375\145\160\166\204\133\232\116\111}{chapter.4}% 26
\BOOKMARK [1][-]{section.4.3}{\376\377\150\070\142\200\135\347\127\050\145\057\143\001\124\021\221\317\147\072\116\055\166\204\136\224\165\050}{chapter.4}% 27
\BOOKMARK [1][-]{section.4.4}{\376\377\153\143\133\232\150\070}{chapter.4}% 28
\BOOKMARK [1][-]{section.4.5}{\376\377\134\006\121\205\171\357\172\172\225\364\000S\133\214\131\007\123\026\142\020\136\014\134\024\117\057\162\171\172\172\225\364}{chapter.4}% 29
\BOOKMARK [1][-]{section.4.6}{\376\377\136\070\165\050\166\204\150\070\121\375\145\160}{chapter.4}% 30
\BOOKMARK [1][-]{section.4.7}{\376\377\227\136\176\277\140\047\145\057\143\001\124\021\221\317\122\006\174\173\147\072\173\227\154\325}{chapter.4}% 31
\BOOKMARK [0][-]{chapter.5}{\376\377\136\217\122\027\147\000\134\017\147\000\117\030\123\026\173\227\154\325\000\050\000S\000M\000O\000\051}{}% 32
\BOOKMARK [1][-]{section.5.1}{\376\377\000S\000M\000O\173\227\154\325}{chapter.5}% 33
\BOOKMARK [1][-]{section.5.2}{\376\377\116\044\116\052\123\330\221\317\166\204\116\214\153\041\211\304\122\022\166\204\154\102\211\343\145\271\154\325}{chapter.5}% 34
\BOOKMARK [1][-]{section.5.3}{\376\377\123\330\221\317\166\204\220\011\142\351\145\271\154\325}{chapter.5}% 35
\BOOKMARK [1][-]{section.5.4}{\376\377\000S\000M\000O\173\227\154\325}{chapter.5}% 36
\BOOKMARK [0][-]{chapter*.12}{\376\377\000R\000e\000f\000e\000r\000e\000n\000c\000e\000s}{}% 37
\BOOKMARK [0][-]{appendix.A}{\376\377\000K\000a\000r\000u\000s\000h\000-\000K\000u\000h\000n\000-\000T\000u\000c\000k\000e\000r\147\141\116\366}{}% 38
\BOOKMARK [1][-]{section.A.1}{\376\377\117\213\133\120}{appendix.A}% 39
\BOOKMARK [0][-]{appendix.B}{\376\377\121\370\117\030\123\026\225\356\230\230}{}% 40
\BOOKMARK [1][-]{section.B.1}{\376\377\121\370\116\214\153\041\211\304\122\022\225\356\230\230\211\343\166\204\133\130\127\050\140\047}{appendix.B}% 41
\BOOKMARK [0][-]{appendix.C}{\376\377\121\205\171\357\172\172\225\364}{}% 42
\BOOKMARK [0][-]{appendix.D}{\376\377\000C\000a\000u\000c\000h\000y\000-\000S\000c\000h\000w\000a\000r\000z\116\015\173\111\137\017\123\312\121\166\213\301\146\016}{}% 43
\BOOKMARK [1][-]{section.D.1}{\376\377\133\232\164\006\143\317\217\360}{appendix.D}% 44
\BOOKMARK [1][-]{section.D.2}{\376\377\117\131\137\046\133\232\137\213}{appendix.D}% 45
\BOOKMARK [1][-]{section.D.3}{\376\377\213\301\146\016}{appendix.D}% 46
\BOOKMARK [0][-]{appendix.E}{\376\377\000S\000o\000u\000r\000c\000e\000\040\000C\000o\000d\000e\000\040\000E\000x\000a\000m\000p\000l\000e}{}% 47
\BOOKMARK [0][-]{appendix.F}{\376\377\000T\000a\000s\000k\000\040\000D\000i\000v\000i\000s\000i\000o\000n\000\040\000E\000x\000a\000m\000p\000l\000e}{}% 48
