\BOOKMARK [0][-]{chapter*.1}{\376\377\000P\000r\000e\000f\000a\000c\000e}{}% 1
\BOOKMARK [0][-]{chapter*.2}{\376\377\000S\000u\000m\000m\000a\000r\000y}{}% 2
\BOOKMARK [0][-]{chapter*.4}{\376\377\000N\000o\000m\000e\000n\000c\000l\000a\000t\000u\000r\000e}{}% 3
\BOOKMARK [0][-]{chapter.1}{\376\377\221\307\150\067\145\271\154\325}{}% 4
\BOOKMARK [1][-]{section.1.1}{\376\377\151\202\163\207\122\006\136\003\221\307\150\067}{chapter.1}% 5
\BOOKMARK [1][-]{section.1.2}{\376\377\142\322\176\335\221\307\150\067}{chapter.1}% 6
\BOOKMARK [1][-]{section.1.3}{\376\377\221\315\211\201\140\047\221\307\150\067}{chapter.1}% 7
\BOOKMARK [0][-]{chapter.2}{\376\377\232\154\134\024\123\357\131\053\224\376}{}% 8
\BOOKMARK [1][-]{section.2.1}{\376\377\226\217\147\072\217\307\172\013}{chapter.2}% 9
\BOOKMARK [1][-]{section.2.2}{\376\377\232\154\134\024\123\357\131\053\224\376}{chapter.2}% 10
\BOOKMARK [1][-]{section.2.3}{\376\377\136\163\172\063\122\006\136\003}{chapter.2}% 11
\BOOKMARK [0][-]{chapter.3}{\376\377\221\307\150\067}{}% 12
\BOOKMARK [1][-]{section.3.1}{\376\377\221\307\150\067\166\204\122\250\147\072}{chapter.3}% 13
\BOOKMARK [1][-]{section.3.2}{\376\377\000M\000e\000t\000r\000o\000p\000l\000i\000s\000-\000H\000a\000s\000t\000i\000n\000g\000s\000\040\000S\000a\000m\000p\000l\000i\000n\000g}{chapter.3}% 14
\BOOKMARK [1][-]{section.3.3}{\376\377\000G\000i\000b\000b\000s\000\040\000S\000a\000m\000p\000l\000i\000n\000g}{chapter.3}% 15
\BOOKMARK [0][-]{chapter.4}{\376\377\000M\000e\000t\000h\000o\000d\000\040\000o\000f\000\040\000M\000C\000M\000C}{}% 16
\BOOKMARK [1][-]{section.4.1}{\376\377\145\066\145\133\140\047}{chapter.4}% 17
\BOOKMARK [1][-]{section.4.2}{\376\377\133\130\127\050\140\047\225\356\230\230}{chapter.4}% 18
\BOOKMARK [0][-]{chapter*.6}{\376\377\000R\000e\000f\000e\000r\000e\000n\000c\000e\000s}{}% 19
\BOOKMARK [0][-]{appendix.A}{\376\377\000S\000o\000u\000r\000c\000e\000\040\000C\000o\000d\000e\000\040\000E\000x\000a\000m\000p\000l\000e}{}% 20
\BOOKMARK [0][-]{appendix.B}{\376\377\000T\000a\000s\000k\000\040\000D\000i\000v\000i\000s\000i\000o\000n\000\040\000E\000x\000a\000m\000p\000l\000e}{}% 21
