\BOOKMARK [0][-]{chapter*.1}{\376\377\000P\000r\000e\000f\000a\000c\000e}{}% 1
\BOOKMARK [0][-]{chapter*.2}{\376\377\000S\000u\000m\000m\000a\000r\000y}{}% 2
\BOOKMARK [0][-]{chapter*.4}{\376\377\000N\000o\000m\000e\000n\000c\000l\000a\000t\000u\000r\000e}{}% 3
\BOOKMARK [0][-]{chapter.1}{\376\377\127\372\147\054\177\244}{}% 4
\BOOKMARK [1][-]{section.1.1}{\376\377\220\123\215\357\124\014\117\046}{chapter.1}% 5
\BOOKMARK [1][-]{section.1.2}{\376\377\127\372\147\054\177\244}{chapter.1}% 6
\BOOKMARK [1][-]{section.1.3}{\376\377\211\206\166\326\172\172\225\364}{chapter.1}% 7
\BOOKMARK [1][-]{section.1.4}{\376\377\127\006\124\150\166\204\127\372\147\054\177\244}{chapter.1}% 8
\BOOKMARK [1][-]{section.1.5}{\376\377\145\066\177\051\150\070\116\016\116\015\122\250\160\271}{chapter.1}% 9
\BOOKMARK [1][-]{section.1.6}{\376\377\000B\000o\000r\000s\000u\000k\000-\000U\000l\000a\000m\133\232\164\006}{chapter.1}% 10
\BOOKMARK [1][-]{section.1.7}{\376\377\137\142\123\330\145\066\177\051\150\070\124\214\117\046\127\213}{chapter.1}% 11
\BOOKMARK [1][-]{section.1.8}{\376\377\000S\000n\166\204\127\372\147\054\177\244}{chapter.1}% 12
\BOOKMARK [0][-]{chapter.2}{\376\377\000B\000a\000s\000e\000\040\000G\000r\000o\000u\000p\000\040\000E\000x\000e\000s\000c\000r\000i\000s\000e}{}% 13
\BOOKMARK [1][-]{section.2.1}{\376\377\220\123\215\357\124\014\117\046}{chapter.2}% 14
\BOOKMARK [1][-]{section.2.2}{\376\377\127\372\147\054\177\244}{chapter.2}% 15
\BOOKMARK [1][-]{section.2.3}{\376\377\211\206\123\340\172\172\225\364}{chapter.2}% 16
\BOOKMARK [1][-]{section.2.4}{\376\377\127\006\124\150\166\204\127\372\147\054\177\244}{chapter.2}% 17
\BOOKMARK [1][-]{section.2.5}{\376\377\145\066\177\051\124\214\116\015\122\250\160\271}{chapter.2}% 18
\BOOKMARK [1][-]{section.2.6}{\376\377\116\343\145\160\127\372\147\054\133\232\164\006}{chapter.2}% 19
\BOOKMARK [1][-]{section.2.7}{\376\377\000B\000o\000r\000s\000u\000k\000-\000U\000l\000a\000m\133\232\164\006}{chapter.2}% 20
\BOOKMARK [1][-]{section.2.8}{\376\377\137\142\123\330\145\066\177\051\150\070\124\214\117\046\127\213}{chapter.2}% 21
\BOOKMARK [1][-]{section.2.9}{\376\377\147\320\116\233\146\362\227\142\166\204\127\372\147\054\177\244}{chapter.2}% 22
\BOOKMARK [0][-]{chapter.3}{\376\377\136\163\227\142\122\006\122\162\133\232\164\006}{}% 23
\BOOKMARK [1][-]{section.3.1}{\376\377\000J\000o\000r\000d\000a\000n\122\006\122\162\133\232\164\006}{chapter.3}% 24
\BOOKMARK [1][-]{section.3.2}{\376\377\123\072\127\337\116\015\123\330\140\047}{chapter.3}% 25
\BOOKMARK [1][-]{section.3.3}{\376\377\000J\000o\000r\000d\000a\000n\146\362\176\277\133\232\164\006}{chapter.3}% 26
\BOOKMARK [1][-]{section.3.4}{\376\377\127\050\136\163\227\142\116\055\135\114\121\145\126\376}{chapter.3}% 27
\BOOKMARK [1][-]{section.3.5}{\376\377\173\200\123\125\225\355\146\362\176\277\166\204\163\257\176\325\145\160}{chapter.3}% 28
\BOOKMARK [1][-]{section.3.6}{\376\377\000C\000a\000u\000c\000h\000y\171\357\122\006\121\154\137\017}{chapter.3}% 29
\BOOKMARK [0][-]{chapter.4}{\376\377\000E\000x\000e\000s\000c\000r\000i\000s\000e\000\040\0002}{}% 30
\BOOKMARK [1][-]{section.4.1}{\376\377\000J\000o\000r\000d\000a\000n\122\006\122\162\133\232\164\006}{chapter.4}% 31
\BOOKMARK [1][-]{section.4.2}{\376\377\123\072\127\337\116\015\123\330\140\047}{chapter.4}% 32
\BOOKMARK [1][-]{section.4.3}{\376\377\000J\000o\000r\000d\000a\000n\146\362\176\277\133\232\164\006}{chapter.4}% 33
\BOOKMARK [1][-]{section.4.4}{\376\377\173\200\123\125\225\355\146\362\176\277\163\257\176\325\145\160}{chapter.4}% 34
\BOOKMARK [1][-]{section.4.5}{\376\377\000C\000a\000u\000c\000h\000y\171\357\122\006\121\154\137\017}{chapter.4}% 35
\BOOKMARK [0][-]{chapter.5}{\376\377\000S\000e\000i\000f\000e\000r\000t\000-\000K\000a\000m\000p\000e\000n\133\232\164\006}{}% 36
\BOOKMARK [1][-]{section.5.1}{\376\377\000A\000b\000e\000l\000i\000a\000n\177\244\166\204\166\364\143\245\124\214}{chapter.5}% 37
\BOOKMARK [1][-]{section.5.2}{\376\377\177\244\166\204\201\352\165\061\171\357}{chapter.5}% 38
\BOOKMARK [1][-]{section.5.3}{\376\377\201\352\165\061\177\244}{chapter.5}% 39
\BOOKMARK [1][-]{section.5.4}{\376\377\000S\000e\000i\000f\000e\000r\000t\000-\000K\000a\000m\000p\000e\000n\133\232\164\006}{chapter.5}% 40
\BOOKMARK [1][-]{section.5.5}{\376\377\127\006\124\150\147\137\166\204\127\372\147\054\177\244}{chapter.5}% 41
\BOOKMARK [1][-]{section.5.6}{\376\377\236\317\174\230\0002\176\364\200\336\201\124}{chapter.5}% 42
\BOOKMARK [1][-]{section.5.7}{\376\377\163\257\227\142\124\214\134\017\116\021\136\075\166\204\127\372\147\054\177\244}{chapter.5}% 43
\BOOKMARK [0][-]{chapter.6}{\376\377\000E\000x\000e\000s\000c\000r\000i\000s\000e\000\040\0003}{}% 44
\BOOKMARK [0][-]{chapter.7}{\376\377\146\362\227\142\122\006\174\173}{}% 45
\BOOKMARK [1][-]{section.7.1}{\376\377\146\362\227\142\166\204\127\372\147\054\177\244}{chapter.7}% 46
\BOOKMARK [1][-]{section.7.2}{\376\377\146\362\227\142\166\204\124\014\214\003}{chapter.7}% 47
\BOOKMARK [1][-]{section.7.3}{\376\377\122\007\122\162\124\214\236\317\124\010}{chapter.7}% 48
\BOOKMARK [1][-]{section.7.4}{\376\377\122\006\174\173\133\232\164\006}{chapter.7}% 49
\BOOKMARK [1][-]{section.7.5}{\376\377\175\047\201\364\146\362\227\142\166\204\147\204\220\040}{chapter.7}% 50
\BOOKMARK [0][-]{chapter.8}{\376\377\000E\000x\000e\000s\000c\000r\000i\000s\000e\000\040\0004}{}% 51
\BOOKMARK [0][-]{chapter.9}{\376\377\211\206\123\340\172\172\225\364\166\204\122\006\174\173}{}% 52
\BOOKMARK [1][-]{section.9.1}{\376\377\211\206\123\340\172\172\225\364\166\204\173\111\116\367}{chapter.9}% 53
\BOOKMARK [1][-]{section.9.2}{\376\377\116\007\147\011\211\206\123\340\172\172\225\364}{chapter.9}% 54
\BOOKMARK [2][-]{subsection.9.2.1}{\376\377\116\007\147\011\211\206\123\340\172\172\225\364\166\204\202\345\136\162\140\047\215\050}{section.9.2}% 55
\BOOKMARK [1][-]{section.9.3}{\376\377\211\206\123\340\123\330\143\142}{chapter.9}% 56
\BOOKMARK [1][-]{section.9.4}{\376\377\211\206\123\340\172\172\225\364\166\204\133\130\127\050\140\047}{chapter.9}% 57
\BOOKMARK [0][-]{chapter.10}{\376\377\000E\000x\000e\000s\000c\000r\000i\000s\000e\000\040\0005}{}% 58
\BOOKMARK [0][-]{chapter.11}{\376\377\127\050\177\244\213\272\116\055\166\204\136\224\165\050}{}% 59
\BOOKMARK [1][-]{section.11.1}{\376\377\126\376\166\204\211\206\123\340\172\172\225\364}{chapter.11}% 60
\BOOKMARK [1][-]{section.11.2}{\376\377\201\352\165\061\177\244\166\204\133\120\177\244}{chapter.11}% 61
\BOOKMARK [0][-]{chapter.12}{\376\377\000E\000x\000e\000s\000c\000r\000i\000s\000e\000\040\0006}{}% 62
\BOOKMARK [0][-]{chapter*.10}{\376\377\000R\000e\000f\000e\000r\000e\000n\000c\000e\000s}{}% 63
\BOOKMARK [0][-]{appendix.A}{\376\377\000S\000o\000u\000r\000c\000e\000\040\000C\000o\000d\000e\000\040\000E\000x\000a\000m\000p\000l\000e}{}% 64
\BOOKMARK [0][-]{appendix.B}{\376\377\000T\000a\000s\000k\000\040\000D\000i\000v\000i\000s\000i\000o\000n\000\040\000E\000x\000a\000m\000p\000l\000e}{}% 65
